<?xml version="1.0" encoding="UTF-8"?>
<!-- Generated by org.testng.reporters.JUnitReportReporter -->
<testsuite hostname="LAPTOP-6VNNASN2" failures="0" tests="2" name="TestClass.TestClass1" time="27.692" errors="0" timestamp="2022-11-19T13:54:15 IST" skipped="0">
  <testcase classname="TestClass.TestClass1" name="TC2" time="15.736"/>
  <system-out/>
  <testcase classname="TestClass.TestClass1" name="TC1" time="11.956"/>
  <system-out/>
</testsuite> <!-- TestClass.TestClass1 -->
